# JRE version: Java(TM) SE Runtime Environment (8.0_131-b11) (build 1.8.0_131-b11)
# Java VM: Java HotSpot(TM) 64-Bit Server VM (25.131-b11 mixed mode windows-amd64 compressed oops)
Heap:
 PSYoungGen      total 230400K, used 182223K [0x00000000d5700000, 0x00000000e5480000, 0x0000000100000000)
  eden space 212480K, 77% used [0x00000000d5700000,0x00000000df779d00,0x00000000e2680000)
  from space 17920K, 99% used [0x00000000e4300000,0x00000000e547a0b8,0x00000000e5480000)
  to   space 22528K, 0% used [0x00000000e2880000,0x00000000e2880000,0x00000000e3e80000)
 ParOldGen       total 90624K, used 23762K [0x0000000080400000, 0x0000000085c80000, 0x00000000d5700000)
  object space 90624K, 26% used [0x0000000080400000,0x0000000081b34a80,0x0000000085c80000)
 Metaspace       used 53961K, capacity 57536K, committed 57816K, reserved 1099776K
  class space    used 7025K, capacity 7615K, committed 7680K, reserved 1048576K
GC Heap History (10 events):
Event: 5764.030 GC heap before
{Heap before GC invocations=13 (full 2):
 PSYoungGen      total 208384K, used 208370K [0x00000000d5700000, 0x00000000e3800000, 0x0000000100000000)
  eden space 193024K, 100% used [0x00000000d5700000,0x00000000e1380000,0x00000000e1380000)
  from space 15360K, 99% used [0x00000000e2900000,0x00000000e37fcbe8,0x00000000e3800000)
  to   space 17920K, 0% used [0x00000000e1500000,0x00000000e1500000,0x00000000e2680000)
 ParOldGen       total 90624K, used 19855K [0x0000000080400000, 0x0000000085c80000, 0x00000000d5700000)
  object space 90624K, 21% used [0x0000000080400000,0x0000000081763f80,0x0000000085c80000)
 Metaspace       used 52756K, capacity 55780K, committed 55896K, reserved 1097728K
  class space    used 6949K, capacity 7470K, committed 7552K, reserved 1048576K
Event: 5764.578 GC heap after
Heap after GC invocations=13 (full 2):
 PSYoungGen      total 212480K, used 704K [0x00000000d5700000, 0x00000000e5b80000, 0x0000000100000000)
  eden space 194560K, 0% used [0x00000000d5700000,0x00000000d5700000,0x00000000e1500000)
  from space 17920K, 3% used [0x00000000e1500000,0x00000000e15b0000,0x00000000e2680000)
  to   space 18432K, 0% used [0x00000000e4980000,0x00000000e4980000,0x00000000e5b80000)
 ParOldGen       total 90624K, used 31464K [0x0000000080400000, 0x0000000085c80000, 0x00000000d5700000)
  object space 90624K, 34% used [0x0000000080400000,0x00000000822ba370,0x0000000085c80000)
 Metaspace       used 52756K, capacity 55780K, committed 55896K, reserved 1097728K
  class space    used 6949K, capacity 7470K, committed 7552K, reserved 1048576K
}
Event: 6602.571 GC heap before
{Heap before GC invocations=14 (full 2):
 PSYoungGen      total 212480K, used 43362K [0x00000000d5700000, 0x00000000e5b80000, 0x0000000100000000)
  eden space 194560K, 21% used [0x00000000d5700000,0x00000000d80a8b38,0x00000000e1500000)
  from space 17920K, 3% used [0x00000000e1500000,0x00000000e15b0000,0x00000000e2680000)
  to   space 18432K, 0% used [0x00000000e4980000,0x00000000e4980000,0x00000000e5b80000)
 ParOldGen       total 90624K, used 31464K [0x0000000080400000, 0x0000000085c80000, 0x00000000d5700000)
  object space 90624K, 34% used [0x0000000080400000,0x00000000822ba370,0x0000000085c80000)
 Metaspace       used 52831K, capacity 56002K, committed 56152K, reserved 1097728K
  class space    used 6960K, capacity 7540K, committed 7552K, reserved 1048576K
Event: 6602.576 GC heap after
Heap after GC invocations=14 (full 2):
 PSYoungGen      total 247808K, used 544K [0x00000000d5700000, 0x00000000e5c80000, 0x0000000100000000)
  eden space 229376K, 0% used [0x00000000d5700000,0x00000000d5700000,0x00000000e3700000)
  from space 18432K, 2% used [0x00000000e4980000,0x00000000e4a08000,0x00000000e5b80000)
  to   space 18944K, 0% used [0x00000000e3700000,0x00000000e3700000,0x00000000e4980000)
 ParOldGen       total 90624K, used 31472K [0x0000000080400000, 0x0000000085c80000, 0x00000000d5700000)
  object space 90624K, 34% used [0x0000000080400000,0x00000000822bc370,0x0000000085c80000)
 Metaspace       used 52831K, capacity 56002K, committed 56152K, reserved 1097728K
  class space    used 6960K, capacity 7540K, committed 7552K, reserved 1048576K
}
Event: 6602.576 GC heap before
{Heap before GC invocations=15 (full 3):
 PSYoungGen      total 247808K, used 544K [0x00000000d5700000, 0x00000000e5c80000, 0x0000000100000000)
  eden space 229376K, 0% used [0x00000000d5700000,0x00000000d5700000,0x00000000e3700000)
  from space 18432K, 2% used [0x00000000e4980000,0x00000000e4a08000,0x00000000e5b80000)
  to   space 18944K, 0% used [0x00000000e3700000,0x00000000e3700000,0x00000000e4980000)
 ParOldGen       total 90624K, used 31472K [0x0000000080400000, 0x0000000085c80000, 0x00000000d5700000)
  object space 90624K, 34% used [0x0000000080400000,0x00000000822bc370,0x0000000085c80000)
 Metaspace       used 52831K, capacity 56002K, committed 56152K, reserved 1097728K
  class space    used 6960K, capacity 7540K, committed 7552K, reserved 1048576K
Event: 6603.508 GC heap after
Heap after GC invocations=15 (full 3):
 PSYoungGen      total 247808K, used 0K [0x00000000d5700000, 0x00000000e5c80000, 0x0000000100000000)
  eden space 229376K, 0% used [0x00000000d5700000,0x00000000d5700000,0x00000000e3700000)
  from space 18432K, 0% used [0x00000000e4980000,0x00000000e4980000,0x00000000e5b80000)
  to   space 18944K, 0% used [0x00000000e3700000,0x00000000e3700000,0x00000000e4980000)
 ParOldGen       total 90624K, used 21574K [0x0000000080400000, 0x0000000085c80000, 0x00000000d5700000)
  object space 90624K, 23% used [0x0000000080400000,0x0000000081911bd0,0x0000000085c80000)
 Metaspace       used 52552K, capacity 55564K, committed 56152K, reserved 1097728K
  class space    used 6917K, capacity 7461K, committed 7552K, reserved 1048576K
}
Event: 7357.927 GC heap before
{Heap before GC invocations=16 (full 3):
 PSYoungGen      total 247808K, used 229376K [0x00000000d5700000, 0x00000000e5c80000, 0x0000000100000000)
  eden space 229376K, 100% used [0x00000000d5700000,0x00000000e3700000,0x00000000e3700000)
  from space 18432K, 0% used [0x00000000e4980000,0x00000000e4980000,0x00000000e5b80000)
  to   space 18944K, 0% used [0x00000000e3700000,0x00000000e3700000,0x00000000e4980000)
 ParOldGen       total 90624K, used 21574K [0x0000000080400000, 0x0000000085c80000, 0x00000000d5700000)
  object space 90624K, 23% used [0x0000000080400000,0x0000000081911bd0,0x0000000085c80000)
 Metaspace       used 53351K, capacity 56638K, committed 57048K, reserved 1099776K
  class space    used 6973K, capacity 7537K, committed 7680K, reserved 1048576K
Event: 7357.963 GC heap after
Heap after GC invocations=16 (full 3):
 PSYoungGen      total 232960K, used 12239K [0x00000000d5700000, 0x00000000e5480000, 0x0000000100000000)
  eden space 220672K, 0% used [0x00000000d5700000,0x00000000d5700000,0x00000000e2e80000)
  from space 12288K, 99% used [0x00000000e3700000,0x00000000e42f3e60,0x00000000e4300000)
  to   space 17920K, 0% used [0x00000000e4300000,0x00000000e4300000,0x00000000e5480000)
 ParOldGen       total 90624K, used 21582K [0x0000000080400000, 0x0000000085c80000, 0x00000000d5700000)
  object space 90624K, 23% used [0x0000000080400000,0x0000000081913bd0,0x0000000085c80000)
 Metaspace       used 53351K, capacity 56638K, committed 57048K, reserved 1099776K
  class space    used 6973K, capacity 7537K, committed 7680K, reserved 1048576K
}
Event: 7452.547 GC heap before
{Heap before GC invocations=17 (full 3):
 PSYoungGen      total 232960K, used 232911K [0x00000000d5700000, 0x00000000e5480000, 0x0000000100000000)
  eden space 220672K, 100% used [0x00000000d5700000,0x00000000e2e80000,0x00000000e2e80000)
  from space 12288K, 99% used [0x00000000e3700000,0x00000000e42f3e60,0x00000000e4300000)
  to   space 17920K, 0% used [0x00000000e4300000,0x00000000e4300000,0x00000000e5480000)
 ParOldGen       total 90624K, used 21582K [0x0000000080400000, 0x0000000085c80000, 0x00000000d5700000)
  object space 90624K, 23% used [0x0000000080400000,0x0000000081913bd0,0x0000000085c80000)
 Metaspace       used 53679K, capacity 57084K, committed 57304K, reserved 1099776K
  class space    used 6994K, capacity 7564K, committed 7680K, reserved 1048576K
Event: 7452.578 GC heap after
Heap after GC invocations=17 (full 3):
 PSYoungGen      total 230400K, used 17896K [0x00000000d5700000, 0x00000000e5480000, 0x0000000100000000)
  eden space 212480K, 0% used [0x00000000d5700000,0x00000000d5700000,0x00000000e2680000)
  from space 17920K, 99% used [0x00000000e4300000,0x00000000e547a0b8,0x00000000e5480000)
  to   space 22528K, 0% used [0x00000000e2880000,0x00000000e2880000,0x00000000e3e80000)
 ParOldGen       total 90624K, used 23762K [0x0000000080400000, 0x0000000085c80000, 0x00000000d5700000)
  object space 90624K, 26% used [0x0000000080400000,0x0000000081b34a80,0x0000000085c80000)
 Metaspace       used 53679K, capacity 57084K, committed 57304K, reserved 1099776K
  class space    used 6994K, capacity 7564K, committed 7680K, reserved 1048576K
}

